<?xml version="1.0" encoding="UTF-8"?>
<!-- Generated by org.testng.reporters.JUnitReportReporter -->
<testsuite hostname="DESKTOP-9EAPAK2" failures="0" tests="2" name="mypackage.TestNGClass" time="0.007" errors="0" timestamp="2021-08-31T15:43:22 IST" skipped="0">
  <testcase classname="mypackage.TestNGClass" name="test4" time="0.001"/>
  <system-out/>
  <testcase classname="mypackage.TestNGClass" name="test2" time="0.006"/>
  <system-out/>
</testsuite> <!-- mypackage.TestNGClass -->
